<testsuites name="Mocha Tests">
  <testsuite name="REST API test suite description" tests="7" errors="0" failures="0" skipped="0" timestamp="2022-04-22T12:19:39" time="0.063">
    <testcase classname="REST API test suite description" name="test case description" time="0.032">
    </testcase>
    <testcase classname="REST API test suite description" name="test case description" time="0.003">
    </testcase>
    <testcase classname="REST API test suite description" name="test case description" time="0.005">
    </testcase>
    <testcase classname="REST API test suite description" name="test case description" time="0.003">
    </testcase>
    <testcase classname="REST API test suite description" name="test case description" time="0.003">
    </testcase>
    <testcase classname="REST API test suite description" name="test case description" time="0.003">
    </testcase>
    <testcase classname="REST API test suite description" name="test case description" time="0.003">
    </testcase>
  </testsuite>
</testsuites>