<testsuites name="Mocha Tests">
  <testsuite name="REST API test suite description" tests="6" errors="0" failures="0" skipped="0" timestamp="2022-04-22T12:43:19" time="0.07">
    <testcase classname="REST API test suite description" name="test case description" time="0.039">
    </testcase>
    <testcase classname="REST API test suite description" name="test case description" time="0.004">
    </testcase>
    <testcase classname="REST API test suite description" name="test case description" time="0.004">
    </testcase>
    <testcase classname="REST API test suite description" name="test case description" time="0.006">
    </testcase>
    <testcase classname="REST API test suite description" name="test case description" time="0.004">
    </testcase>
    <testcase classname="REST API test suite description" name="test case description" time="0.004">
    </testcase>
  </testsuite>
</testsuites>